<?xml version="1.0" encoding="UTF-8"?>
<!-- Generated by org.testng.reporters.JUnitReportReporter -->
<testsuite hostname="LAPTOP-PS0IUFAF" failures="0" tests="55" name="com.sentieo.docsearch.DocumentSearch" time="108.613" errors="0" timestamp="26 Jul 2022 13:41:56 GMT" skipped="0">
  <testcase classname="com.sentieo.docsearch.DocumentSearch" name="test_doctype_query" time="2.601"/>
  <testcase classname="com.sentieo.docsearch.DocumentSearch" name="test_doctype_query_mobile" time="1.936"/>
  <testcase classname="com.sentieo.docsearch.DocumentSearch" name="test_doctype_query_mobile" time="1.997"/>
  <testcase classname="com.sentieo.docsearch.DocumentSearch" name="fetchsearch_doctype" time="2.067"/>
  <testcase classname="com.sentieo.docsearch.DocumentSearch" name="test_doctype_query_mobile" time="1.919"/>
  <testcase classname="com.sentieo.docsearch.DocumentSearch" name="test_doctype_query" time="1.720"/>
  <testcase classname="com.sentieo.docsearch.DocumentSearch" name="fetchsearch_doctype" time="1.737"/>
  <testcase classname="com.sentieo.docsearch.DocumentSearch" name="test_doctype_query" time="1.837"/>
  <testcase classname="com.sentieo.docsearch.DocumentSearch" name="fetchsearch_nodoc_2" time="2.231"/>
  <testcase classname="com.sentieo.docsearch.DocumentSearch" name="docsearch_sector_filter" time="1.834"/>
  <testcase classname="com.sentieo.docsearch.DocumentSearch" name="fetchsearch_nodoc_1" time="2.063"/>
  <testcase classname="com.sentieo.docsearch.DocumentSearch" name="docsearch_customdate_filter" time="1.776"/>
  <testcase classname="com.sentieo.docsearch.DocumentSearch" name="fetchsearch_doctype" time="2.034"/>
  <testcase classname="com.sentieo.docsearch.DocumentSearch" name="fetchsearch_nodoc_5" time="7.019"/>
  <testcase classname="com.sentieo.docsearch.DocumentSearch" name="test_invalid_filters_mobile" time="1.478"/>
  <testcase classname="com.sentieo.docsearch.DocumentSearch" name="test_doctype_query_mobile" time="1.969"/>
  <testcase classname="com.sentieo.docsearch.DocumentSearch" name="docsearch_language_filter" time="1.824"/>
  <testcase classname="com.sentieo.docsearch.DocumentSearch" name="test_doctype_query" time="1.758"/>
  <testcase classname="com.sentieo.docsearch.DocumentSearch" name="test_doctype_watchlist" time="2.242"/>
  <testcase classname="com.sentieo.docsearch.DocumentSearch" name="test_doctype_query_mobile" time="2.294"/>
  <testcase classname="com.sentieo.docsearch.DocumentSearch" name="test_invalid_filters_mobile" time="1.542"/>
  <testcase classname="com.sentieo.docsearch.DocumentSearch" name="test_doctype_query" time="1.831"/>
  <testcase classname="com.sentieo.docsearch.DocumentSearch" name="test_doctype_query_mobile" time="1.768"/>
  <testcase classname="com.sentieo.docsearch.DocumentSearch" name="fetchsearch_doctype" time="1.768"/>
  <testcase classname="com.sentieo.docsearch.DocumentSearch" name="docsearch_customdate_filter" time="1.724"/>
  <testcase classname="com.sentieo.docsearch.DocumentSearch" name="docsearch_language_filter" time="1.657"/>
  <testcase classname="com.sentieo.docsearch.DocumentSearch" name="fetchsearch_doctype" time="1.714"/>
  <testcase classname="com.sentieo.docsearch.DocumentSearch" name="test_invalid_filters" time="1.482"/>
  <testcase classname="com.sentieo.docsearch.DocumentSearch" name="test_invalid_filters_mobile" time="1.486"/>
  <testcase classname="com.sentieo.docsearch.DocumentSearch" name="test_invalid_filters" time="1.546"/>
  <testcase classname="com.sentieo.docsearch.DocumentSearch" name="test_doctype_query_mobile" time="1.796"/>
  <testcase classname="com.sentieo.docsearch.DocumentSearch" name="fetchsearch_doctype" time="0.001"/>
  <testcase classname="com.sentieo.docsearch.DocumentSearch" name="fetchsearch_doctype" time="1.769"/>
  <testcase classname="com.sentieo.docsearch.DocumentSearch" name="fetchsearch_nodoc_4" time="2.043"/>
  <testcase classname="com.sentieo.docsearch.DocumentSearch" name="test_invalid_filters" time="1.531"/>
  <testcase classname="com.sentieo.docsearch.DocumentSearch" name="test_doctype_query" time="1.810"/>
  <testcase classname="com.sentieo.docsearch.DocumentSearch" name="fetchsearch_nodoc_6" time="3.038"/>
  <testcase classname="com.sentieo.docsearch.DocumentSearch" name="fetchsearch_doctype" time="1.723"/>
  <testcase classname="com.sentieo.docsearch.DocumentSearch" name="fetchsearch_nodoc_7" time="5.780"/>
  <testcase classname="com.sentieo.docsearch.DocumentSearch" name="test_doctype_query_mobile" time="1.819"/>
  <testcase classname="com.sentieo.docsearch.DocumentSearch" name="fetchsearch_doctype" time="1.761"/>
  <testcase classname="com.sentieo.docsearch.DocumentSearch" name="fetchsearch_nodoc_8" time="1.596"/>
  <testcase classname="com.sentieo.docsearch.DocumentSearch" name="docsearch_sector_filter" time="1.664"/>
  <testcase classname="com.sentieo.docsearch.DocumentSearch" name="docsearch_region_filter" time="1.730"/>
  <testcase classname="com.sentieo.docsearch.DocumentSearch" name="fetchsearch_doctype" time="1.773"/>
  <testcase classname="com.sentieo.docsearch.DocumentSearch" name="fetchsearch_doctype" time="2.410"/>
  <testcase classname="com.sentieo.docsearch.DocumentSearch" name="test_doctype_query" time="1.848"/>
  <testcase classname="com.sentieo.docsearch.DocumentSearch" name="fetchsearch_doctype" time="1.672"/>
  <testcase classname="com.sentieo.docsearch.DocumentSearch" name="test_doctype_query" time="1.777"/>
  <testcase classname="com.sentieo.docsearch.DocumentSearch" name="docsearch_context_filter" time="1.741"/>
  <testcase classname="com.sentieo.docsearch.DocumentSearch" name="test_invalid_filters_mobile" time="1.497"/>
  <testcase classname="com.sentieo.docsearch.DocumentSearch" name="test_invalid_filters" time="1.504"/>
  <testcase classname="com.sentieo.docsearch.DocumentSearch" name="fetchsearch_nodoc_9" time="1.753"/>
  <testcase classname="com.sentieo.docsearch.DocumentSearch" name="test_doctype_query" time="1.844"/>
  <testcase classname="com.sentieo.docsearch.DocumentSearch" name="test_doctype_query_mobile" time="1.879"/>
</testsuite> <!-- com.sentieo.docsearch.DocumentSearch -->
