<?xml version="1.0" encoding="UTF-8"?>
<!-- Generated by org.testng.reporters.JUnitReportReporter -->
<testsuite hostname="LAPTOP-PS0IUFAF" failures="0" tests="53" name="com.sentieo.docsearchpublicapis.entityfieldsearchpublicapi" time="176.749" errors="0" timestamp="03 Jun 2022 11:36:45 GMT" skipped="0">
  <testcase classname="com.sentieo.docsearchpublicapis.entityfieldsearchpublicapi" name="test_entity_datesearch_invalid" time="2.962"/>
  <testcase classname="com.sentieo.docsearchpublicapis.entityfieldsearchpublicapi" name="EntityNumberRangeScenarioValid4" time="3.473"/>
  <testcase classname="com.sentieo.docsearchpublicapis.entityfieldsearchpublicapi" name="TestEntityNumberRangeInvalid" time="3.480"/>
  <testcase classname="com.sentieo.docsearchpublicapis.entityfieldsearchpublicapi" name="EntityNumberRangeScenarioValid1" time="3.298"/>
  <testcase classname="com.sentieo.docsearchpublicapis.entityfieldsearchpublicapi" name="test_entity_numbersearch_invalid" time="3.098"/>
  <testcase classname="com.sentieo.docsearchpublicapis.entityfieldsearchpublicapi" name="EntityNumberRangeScenarioInvalid2" time="3.163"/>
  <testcase classname="com.sentieo.docsearchpublicapis.entityfieldsearchpublicapi" name="EntityNumberRangeScenarioInvalid1" time="2.982"/>
  <testcase classname="com.sentieo.docsearchpublicapis.entityfieldsearchpublicapi" name="EntityNumberRangeScenarioValid3" time="3.134"/>
  <testcase classname="com.sentieo.docsearchpublicapis.entityfieldsearchpublicapi" name="EntityNumberRangeScenarioValid4" time="4.708"/>
  <testcase classname="com.sentieo.docsearchpublicapis.entityfieldsearchpublicapi" name="EntityNumberRangeScenarioValid2" time="3.084"/>
  <testcase classname="com.sentieo.docsearchpublicapis.entityfieldsearchpublicapi" name="EntityNumberRangeScenarioInvalid6" time="3.873"/>
  <testcase classname="com.sentieo.docsearchpublicapis.entityfieldsearchpublicapi" name="TestEntityDateRangeInvalid2" time="2.964"/>
  <testcase classname="com.sentieo.docsearchpublicapis.entityfieldsearchpublicapi" name="TestEntityNumberRangeValid" time="2.980"/>
  <testcase classname="com.sentieo.docsearchpublicapis.entityfieldsearchpublicapi" name="EntityNumberRangeScenarioInvalid5" time="3.672"/>
  <testcase classname="com.sentieo.docsearchpublicapis.entityfieldsearchpublicapi" name="TestEntityDateRangeValid" time="3.105"/>
  <testcase classname="com.sentieo.docsearchpublicapis.entityfieldsearchpublicapi" name="test_entity_datesearch_valid" time="2.997"/>
  <testcase classname="com.sentieo.docsearchpublicapis.entityfieldsearchpublicapi" name="test_entity_numbersearch_invalid" time="3.066"/>
  <testcase classname="com.sentieo.docsearchpublicapis.entityfieldsearchpublicapi" name="TestEntityNumberRangeValid" time="2.870"/>
  <testcase classname="com.sentieo.docsearchpublicapis.entityfieldsearchpublicapi" name="EntityNumberRangeScenarioValid1" time="3.658"/>
  <testcase classname="com.sentieo.docsearchpublicapis.entityfieldsearchpublicapi" name="EntityNumberRangeScenarioValid6" time="3.047"/>
  <testcase classname="com.sentieo.docsearchpublicapis.entityfieldsearchpublicapi" name="EntityNumberRangeScenarioValid2" time="2.844"/>
  <testcase classname="com.sentieo.docsearchpublicapis.entityfieldsearchpublicapi" name="test_entity_datesearch_invalid" time="3.063"/>
  <testcase classname="com.sentieo.docsearchpublicapis.entityfieldsearchpublicapi" name="EntityNumberRangeScenarioValid3" time="3.184"/>
  <testcase classname="com.sentieo.docsearchpublicapis.entityfieldsearchpublicapi" name="test_entity_datesearch_invalid" time="3.277"/>
  <testcase classname="com.sentieo.docsearchpublicapis.entityfieldsearchpublicapi" name="test_entity_numbersearch_valid" time="3.091"/>
  <testcase classname="com.sentieo.docsearchpublicapis.entityfieldsearchpublicapi" name="test_entity_numbersearch_valid" time="3.138"/>
  <testcase classname="com.sentieo.docsearchpublicapis.entityfieldsearchpublicapi" name="TestEntityDateRangeValid" time="3.755"/>
  <testcase classname="com.sentieo.docsearchpublicapis.entityfieldsearchpublicapi" name="TestEntityDateRangeValid" time="3.481"/>
  <testcase classname="com.sentieo.docsearchpublicapis.entityfieldsearchpublicapi" name="TestEntityDateRangeInvalid" time="2.941"/>
  <testcase classname="com.sentieo.docsearchpublicapis.entityfieldsearchpublicapi" name="TestEntityNumberRangeInvalid" time="3.172"/>
  <testcase classname="com.sentieo.docsearchpublicapis.entityfieldsearchpublicapi" name="EntityNumberRangeScenarioValid1" time="4.016"/>
  <testcase classname="com.sentieo.docsearchpublicapis.entityfieldsearchpublicapi" name="EntityNumberRangeScenarioInvalid1" time="3.064"/>
  <testcase classname="com.sentieo.docsearchpublicapis.entityfieldsearchpublicapi" name="EntityNumberRangeScenarioInvalid2" time="4.163"/>
  <testcase classname="com.sentieo.docsearchpublicapis.entityfieldsearchpublicapi" name="EntityNumberRangeScenarioInvalid2" time="2.995"/>
  <testcase classname="com.sentieo.docsearchpublicapis.entityfieldsearchpublicapi" name="TestEntityNumberRangeInvalid" time="4.308"/>
  <testcase classname="com.sentieo.docsearchpublicapis.entityfieldsearchpublicapi" name="test_entity_datesearch_invalid" time="3.785"/>
  <testcase classname="com.sentieo.docsearchpublicapis.entityfieldsearchpublicapi" name="EntityNumberRangeScenarioInvalid1" time="3.075"/>
  <testcase classname="com.sentieo.docsearchpublicapis.entityfieldsearchpublicapi" name="TestEntityNumberRangeValid" time="3.987"/>
  <testcase classname="com.sentieo.docsearchpublicapis.entityfieldsearchpublicapi" name="EntityNumberRangeScenarioValid3" time="3.056"/>
  <testcase classname="com.sentieo.docsearchpublicapis.entityfieldsearchpublicapi" name="TestEntityDateRangeValid1" time="3.701"/>
  <testcase classname="com.sentieo.docsearchpublicapis.entityfieldsearchpublicapi" name="test_entity_dropdownsearch_valid" time="3.047"/>
  <testcase classname="com.sentieo.docsearchpublicapis.entityfieldsearchpublicapi" name="EntityNumberRangeScenarioInvalid3" time="4.096"/>
  <testcase classname="com.sentieo.docsearchpublicapis.entityfieldsearchpublicapi" name="test_entity_numbersearch_invalid" time="3.249"/>
  <testcase classname="com.sentieo.docsearchpublicapis.entityfieldsearchpublicapi" name="EntityNumberRangeScenarioValid5" time="3.173"/>
  <testcase classname="com.sentieo.docsearchpublicapis.entityfieldsearchpublicapi" name="EntityNumberRangeScenarioValid2" time="3.541"/>
  <testcase classname="com.sentieo.docsearchpublicapis.entityfieldsearchpublicapi" name="test_entity_numbersearch_valid" time="3.278"/>
  <testcase classname="com.sentieo.docsearchpublicapis.entityfieldsearchpublicapi" name="TestEntityDateRangeInvalid1" time="3.067"/>
  <testcase classname="com.sentieo.docsearchpublicapis.entityfieldsearchpublicapi" name="TestEntityDateRangeValid2" time="3.154"/>
  <testcase classname="com.sentieo.docsearchpublicapis.entityfieldsearchpublicapi" name="TestEntityDateRangeInvalid" time="3.524"/>
  <testcase classname="com.sentieo.docsearchpublicapis.entityfieldsearchpublicapi" name="test_entity_datesearch_invalid" time="3.375"/>
  <testcase classname="com.sentieo.docsearchpublicapis.entityfieldsearchpublicapi" name="EntityNumberRangeScenarioInvalid2" time="3.066"/>
  <testcase classname="com.sentieo.docsearchpublicapis.entityfieldsearchpublicapi" name="EntityNumberRangeScenarioInvalid1" time="3.069"/>
  <testcase classname="com.sentieo.docsearchpublicapis.entityfieldsearchpublicapi" name="EntityNumberRangeScenarioInvalid4" time="3.400"/>
</testsuite> <!-- com.sentieo.docsearchpublicapis.entityfieldsearchpublicapi -->
