<?xml version="1.0" encoding="UTF-8"?>
<!-- Generated by org.testng.reporters.JUnitReportReporter -->
<testsuite hostname="LAPTOP-PS0IUFAF" failures="0" tests="48" name="com.sentieo.docsearch.DocSearchRestApi" time="98.006" errors="0" timestamp="26 Jul 2022 13:41:56 GMT" skipped="0">
  <testcase classname="com.sentieo.docsearch.DocSearchRestApi" name="fetch_transform_note_content" time="0.002"/>
  <testcase classname="com.sentieo.docsearch.DocSearchRestApi" name="fetch_search_term_count" time="1.758"/>
  <testcase classname="com.sentieo.docsearch.DocSearchRestApi" name="query_suggest_autocomplete" time="1.462"/>
  <testcase classname="com.sentieo.docsearch.DocSearchRestApi" name="fetch_file_content" time="5.028"/>
  <testcase classname="com.sentieo.docsearch.DocSearchRestApi" name="fetch_impact_score" time="1.523"/>
  <testcase classname="com.sentieo.docsearch.DocSearchRestApi" name="fetch_document_note_info" time="3.530"/>
  <testcase classname="com.sentieo.docsearch.DocSearchRestApi" name="user_saved_search_delete" time="1.644"/>
  <testcase classname="com.sentieo.docsearch.DocSearchRestApi" name="get_doc_pdf" time="2.445"/>
  <testcase classname="com.sentieo.docsearch.DocSearchRestApi" name="fetch_snippets" time="2.634"/>
  <testcase classname="com.sentieo.docsearch.DocSearchRestApi" name="user_load_search" time="3.179"/>
  <testcase classname="com.sentieo.docsearch.DocSearchRestApi" name="fetch_user_entitled_brokers" time="1.732"/>
  <testcase classname="com.sentieo.docsearch.DocSearchRestApi" name="user_saved_search_data_load" time="3.434"/>
  <testcase classname="com.sentieo.docsearch.DocSearchRestApi" name="get_bulk_download_doc" time="1.521"/>
  <testcase classname="com.sentieo.docsearch.DocSearchRestApi" name="fetch_search_settings" time="1.496"/>
  <testcase classname="com.sentieo.docsearch.DocSearchRestApi" name="fetch_sections" time="1.414"/>
  <testcase classname="com.sentieo.docsearch.DocSearchRestApi" name="index_user_viewed_doc" time="1.507"/>
  <testcase classname="com.sentieo.docsearch.DocSearchRestApi" name="get_doc_pdf" time="5.573"/>
  <testcase classname="com.sentieo.docsearch.DocSearchRestApi" name="get_docnote_pdf" time="1.897"/>
  <testcase classname="com.sentieo.docsearch.DocSearchRestApi" name="get_doc_pdf" time="3.000"/>
  <testcase classname="com.sentieo.docsearch.DocSearchRestApi" name="fetch_pagelink" time="1.616"/>
  <testcase classname="com.sentieo.docsearch.DocSearchRestApi" name="add_broker_request_for_user" time="2.475"/>
  <testcase classname="com.sentieo.docsearch.DocSearchRestApi" name="bulk_download" time="1.514"/>
  <testcase classname="com.sentieo.docsearch.DocSearchRestApi" name="perform_user_save_search" time="1.629"/>
  <testcase classname="com.sentieo.docsearch.DocSearchRestApi" name="fetch_all_research_brokers" time="1.803"/>
  <testcase classname="com.sentieo.docsearch.DocSearchRestApi" name="fetch_note_search" time="0.002"/>
  <testcase classname="com.sentieo.docsearch.DocSearchRestApi" name="fetch_landing_page_data" time="1.856"/>
  <testcase classname="com.sentieo.docsearch.DocSearchRestApi" name="query_suggest_autocomplete" time="1.432"/>
  <testcase classname="com.sentieo.docsearch.DocSearchRestApi" name="fetch_search_filters" time="3.975"/>
  <testcase classname="com.sentieo.docsearch.DocSearchRestApi" name="ra__unsubscribe_feed" time="1.477"/>
  <testcase classname="com.sentieo.docsearch.DocSearchRestApi" name="get_doc_pdf" time="2.348"/>
  <testcase classname="com.sentieo.docsearch.DocSearchRestApi" name="fetch_pdf_flag" time="1.433"/>
  <testcase classname="com.sentieo.docsearch.DocSearchRestApi" name="fetch_note_doc" time="1.518"/>
  <testcase classname="com.sentieo.docsearch.DocSearchRestApi" name="update_feed" time="1.549"/>
  <testcase classname="com.sentieo.docsearch.DocSearchRestApi" name="fetch_docs_meta_data" time="1.601"/>
  <testcase classname="com.sentieo.docsearch.DocSearchRestApi" name="request_feed" time="1.412"/>
  <testcase classname="com.sentieo.docsearch.DocSearchRestApi" name="fetch_exhibits" time="1.551"/>
  <testcase classname="com.sentieo.docsearch.DocSearchRestApi" name="fetch_transform_doc_content" time="1.744"/>
  <testcase classname="com.sentieo.docsearch.DocSearchRestApi" name="fetch_files_meta_data" time="1.425"/>
  <testcase classname="com.sentieo.docsearch.DocSearchRestApi" name="fetchsavedfilters" time="1.474"/>
  <testcase classname="com.sentieo.docsearch.DocSearchRestApi" name="get_user_downloaded_docs_status" time="1.602"/>
  <testcase classname="com.sentieo.docsearch.DocSearchRestApi" name="fetch_broker_manager_data" time="2.142"/>
  <testcase classname="com.sentieo.docsearch.DocSearchRestApi" name="fetch_custom_doc_diff" time="3.567"/>
  <testcase classname="com.sentieo.docsearch.DocSearchRestApi" name="fetchnotefilters" time="1.983"/>
  <testcase classname="com.sentieo.docsearch.DocSearchRestApi" name="fetchsearchlibrary" time="1.810"/>
  <testcase classname="com.sentieo.docsearch.DocSearchRestApi" name="fetch_user_viewed_docs" time="3.212"/>
  <testcase classname="com.sentieo.docsearch.DocSearchRestApi" name="fetch_my_broker_requests" time="1.469"/>
  <testcase classname="com.sentieo.docsearch.DocSearchRestApi" name="remove_broker_request_for_user" time="2.176"/>
  <testcase classname="com.sentieo.docsearch.DocSearchRestApi" name="fetch_my_broker_requests1" time="1.432"/>
</testsuite> <!-- com.sentieo.docsearch.DocSearchRestApi -->
