<?xml version="1.0" encoding="UTF-8"?>
<!-- Generated by org.testng.reporters.JUnitReportReporter -->
<testsuite hostname="LAPTOP-PS0IUFAF" failures="0" tests="38" name="com.sentieo.docsearchpublicapis.docsearchpublicapis" time="153.117" errors="0" timestamp="03 Jun 2022 12:10:16 GMT" skipped="0">
  <testcase classname="com.sentieo.docsearchpublicapis.docsearchpublicapis" name="test_doctype_ticker_publicapi" time="3.887"/>
  <testcase classname="com.sentieo.docsearchpublicapis.docsearchpublicapis" name="test_snippet" time="4.899"/>
  <testcase classname="com.sentieo.docsearchpublicapis.docsearchpublicapis" name="test_doctype_ticker_publicapi" time="4.849"/>
  <testcase classname="com.sentieo.docsearchpublicapis.docsearchpublicapis" name="test_country_filingdate_company" time="3.987"/>
  <testcase classname="com.sentieo.docsearchpublicapis.docsearchpublicapis" name="test_start_size_publicapi" time="3.100"/>
  <testcase classname="com.sentieo.docsearchpublicapis.docsearchpublicapis" name="test_daterange_publicapi" time="3.881"/>
  <testcase classname="com.sentieo.docsearchpublicapis.docsearchpublicapis" name="test_doctype_ticker_publicapi" time="3.684"/>
  <testcase classname="com.sentieo.docsearchpublicapis.docsearchpublicapis" name="invalid_test_doctype_ticker_publicapi" time="3.337"/>
  <testcase classname="com.sentieo.docsearchpublicapis.docsearchpublicapis" name="test_doctype_ticker_publicapi" time="4.423"/>
  <testcase classname="com.sentieo.docsearchpublicapis.docsearchpublicapis" name="invalid_test_datefrom_publicapi" time="4.964"/>
  <testcase classname="com.sentieo.docsearchpublicapis.docsearchpublicapis" name="test_doctype_notes_publicapi" time="0.001"/>
  <testcase classname="com.sentieo.docsearchpublicapis.docsearchpublicapis" name="test_doctype_ticker_publicapi" time="3.285"/>
  <testcase classname="com.sentieo.docsearchpublicapis.docsearchpublicapis" name="test_doctype_ticker_publicapi" time="3.480"/>
  <testcase classname="com.sentieo.docsearchpublicapis.docsearchpublicapis" name="test_datefrom_publicapi" time="3.618"/>
  <testcase classname="com.sentieo.docsearchpublicapis.docsearchpublicapis" name="test_sortasc_publicapi" time="3.798"/>
  <testcase classname="com.sentieo.docsearchpublicapis.docsearchpublicapis" name="invalid_test_query_publicapi" time="3.424"/>
  <testcase classname="com.sentieo.docsearchpublicapis.docsearchpublicapis" name="st_test_doctype_notes_publicapi" time="5.766"/>
  <testcase classname="com.sentieo.docsearchpublicapis.docsearchpublicapis" name="test_sortdesc_publicapi" time="3.676"/>
  <testcase classname="com.sentieo.docsearchpublicapis.docsearchpublicapis" name="invalid_test_doctype_ticker_publicapi" time="3.447"/>
  <testcase classname="com.sentieo.docsearchpublicapis.docsearchpublicapis" name="test_datefrom_publicapi" time="3.991"/>
  <testcase classname="com.sentieo.docsearchpublicapis.docsearchpublicapis" name="invalid_test_doctype_ticker_publicapi" time="4.254"/>
  <testcase classname="com.sentieo.docsearchpublicapis.docsearchpublicapis" name="test_doctype_ticker_publicapi" time="4.539"/>
  <testcase classname="com.sentieo.docsearchpublicapis.docsearchpublicapis" name="test_start_size_publicapi" time="3.216"/>
  <testcase classname="com.sentieo.docsearchpublicapis.docsearchpublicapis" name="test_title_start_size_docid" time="4.227"/>
  <testcase classname="com.sentieo.docsearchpublicapis.docsearchpublicapis" name="test_sector_subsector_gicscode" time="3.837"/>
  <testcase classname="com.sentieo.docsearchpublicapis.docsearchpublicapis" name="test_snippet" time="3.585"/>
  <testcase classname="com.sentieo.docsearchpublicapis.docsearchpublicapis" name="invalid_test_doctype_ticker_publicapi" time="3.572"/>
  <testcase classname="com.sentieo.docsearchpublicapis.docsearchpublicapis" name="test_doctype_ticker_publicapi" time="3.897"/>
  <testcase classname="com.sentieo.docsearchpublicapis.docsearchpublicapis" name="invalid_test_daterange_publicapi" time="3.585"/>
  <testcase classname="com.sentieo.docsearchpublicapis.docsearchpublicapis" name="test_doctype_ticker_publicapi" time="4.731"/>
  <testcase classname="com.sentieo.docsearchpublicapis.docsearchpublicapis" name="test_query_publicapi" time="4.514"/>
  <testcase classname="com.sentieo.docsearchpublicapis.docsearchpublicapis" name="test_query_publicapi" time="4.357"/>
  <testcase classname="com.sentieo.docsearchpublicapis.docsearchpublicapis" name="test_query_publicapi" time="4.341"/>
  <testcase classname="com.sentieo.docsearchpublicapis.docsearchpublicapis" name="test_query_publicapi" time="4.808"/>
  <testcase classname="com.sentieo.docsearchpublicapis.docsearchpublicapis" name="test_query_publicapi" time="4.373"/>
  <testcase classname="com.sentieo.docsearchpublicapis.docsearchpublicapis" name="test_query_publicapi" time="4.172"/>
  <testcase classname="com.sentieo.docsearchpublicapis.docsearchpublicapis" name="get_text" time="7.978"/>
  <testcase classname="com.sentieo.docsearchpublicapis.docsearchpublicapis" name="get_meta" time="3.634"/>
</testsuite> <!-- com.sentieo.docsearchpublicapis.docsearchpublicapis -->
